<?xml version="1.0" encoding="UTF-8"?>
<testng-results ignored="0" total="1" passed="1" failed="0" skipped="0">
  <reporter-output>
  </reporter-output>
  <suite started-at="2023-08-30T10:40:44 IST" name="Default suite" finished-at="2023-08-30T10:41:03 IST" duration-ms="19189">
    <groups>
    </groups>
    <test started-at="2023-08-30T10:40:44 IST" name="Default test" finished-at="2023-08-30T10:41:03 IST" duration-ms="19189">
      <class name="Windowhandles.framess">
        <test-method signature="test1()[pri:0, instance:Windowhandles.framess@5fe94a96]" started-at="2023-08-30T10:40:44 IST" name="test1" finished-at="2023-08-30T10:41:03 IST" duration-ms="19147" status="PASS">
          <reporter-output>
          </reporter-output>
        </test-method> <!-- test1 -->
      </class> <!-- Windowhandles.framess -->
    </test> <!-- Default test -->
  </suite> <!-- Default suite -->
</testng-results>
