<?xml version="1.0" encoding="UTF-8"?>
<!-- Generated by org.testng.reporters.JUnitXMLReporter -->
<testsuite ignored="1" hostname="DESKTOP-C09DSQO" failures="1" tests="2" name="Animals" time="1.075" errors="0" timestamp="2023-08-11T12:05:50 IST">
  <testcase classname="testng.Animals" name="test1" time="1.018">
    <failure type="org.testng.internal.thread.ThreadTimeoutException" message="Method testng.Animals.test1() didn&amp;apos;t finish within the time-out 1000">
      <![CDATA[org.testng.internal.thread.ThreadTimeoutException: Method testng.Animals.test1() didn't finish within the time-out 1000
at java.base@17.0.7/java.lang.Thread.sleep(Native Method)
at app//testng.Animals.test1(Animals.java:9)
at java.base@17.0.7/java.util.concurrent.FutureTask.run(FutureTask.java:264)
at java.base@17.0.7/java.util.concurrent.ThreadPoolExecutor.runWorker(ThreadPoolExecutor.java:1136)
at java.base@17.0.7/java.util.concurrent.ThreadPoolExecutor$Worker.run(ThreadPoolExecutor.java:635)
at java.base@17.0.7/java.lang.Thread.run(Thread.java:833)
... Removed 8 stack frames]]>
    </failure>
  </testcase> <!-- test1 -->
  <testcase classname="testng.Animals" name="test2" time="0.002"/>
  <testcase classname="testng.Animals" name="test3" time="0.0">
    <ignored/>
  </testcase> <!-- test3 -->
</testsuite> <!-- Animals -->
